<?xml version="1.0" encoding="UTF-8"?>
<!-- Generated by org.testng.reporters.JUnitReportReporter -->
<testsuite hostname="LVL1607008" name="SimpleTest" tests="1" failures="0" timestamp="13 Feb 2017 20:00:28 GMT" time="7.759" errors="0">
  <testcase name="firstTest" time="7.759" classname="SimpleTest"/>
</testsuite> <!-- SimpleTest -->
